TN:
SF:src\Trabalho01Turma02.js
FN:2,(anonymous_0)
FN:7,(anonymous_1)
FN:11,(anonymous_2)
FN:12,(anonymous_3)
FN:15,(anonymous_4)
FN:16,(anonymous_5)
FN:19,(anonymous_6)
FN:20,(anonymous_7)
FN:23,(anonymous_8)
FN:27,(anonymous_9)
FN:31,(anonymous_10)
FN:32,(anonymous_11)
FN:35,(anonymous_12)
FN:36,(anonymous_13)
FN:39,(anonymous_14)
FN:43,(anonymous_15)
FN:54,(anonymous_16)
FN:64,(anonymous_17)
FN:65,(anonymous_18)
FN:68,(anonymous_19)
FN:69,(anonymous_20)
FN:72,(anonymous_21)
FN:76,(anonymous_22)
FN:80,(anonymous_23)
FN:81,(anonymous_24)
FN:84,(anonymous_25)
FN:85,(anonymous_26)
FN:88,(anonymous_27)
FN:95,(anonymous_28)
FN:96,(anonymous_29)
FNF:30
FNH:30
FNDA:26,(anonymous_0)
FNDA:49,(anonymous_1)
FNDA:1,(anonymous_2)
FNDA:2,(anonymous_3)
FNDA:22,(anonymous_4)
FNDA:28,(anonymous_5)
FNDA:1,(anonymous_6)
FNDA:4,(anonymous_7)
FNDA:1,(anonymous_8)
FNDA:28,(anonymous_9)
FNDA:1,(anonymous_10)
FNDA:3,(anonymous_11)
FNDA:13,(anonymous_12)
FNDA:19,(anonymous_13)
FNDA:1,(anonymous_14)
FNDA:12,(anonymous_15)
FNDA:4,(anonymous_16)
FNDA:1,(anonymous_17)
FNDA:3,(anonymous_18)
FNDA:1,(anonymous_19)
FNDA:3,(anonymous_20)
FNDA:1,(anonymous_21)
FNDA:1,(anonymous_22)
FNDA:1,(anonymous_23)
FNDA:4,(anonymous_24)
FNDA:1,(anonymous_25)
FNDA:4,(anonymous_26)
FNDA:2,(anonymous_27)
FNDA:1,(anonymous_28)
FNDA:4,(anonymous_29)
DA:3,26
DA:4,26
DA:8,49
DA:12,2
DA:16,28
DA:20,4
DA:24,1
DA:28,28
DA:32,3
DA:36,19
DA:40,1
DA:44,12
DA:45,12
DA:46,12
DA:47,1
DA:48,1
DA:49,1
DA:51,11
DA:55,4
DA:56,4
DA:57,2
DA:58,2
DA:59,2
DA:61,2
DA:65,3
DA:69,3
DA:73,1
DA:77,1
DA:81,4
DA:85,4
DA:89,2
DA:90,2
DA:91,1
DA:96,4
DA:100,1
LF:35
LH:35
BRDA:46,0,0,1
BRDA:46,0,1,11
BRDA:46,1,0,12
BRDA:46,1,1,11
BRDA:46,1,2,8
BRDA:56,2,0,2
BRDA:56,2,1,2
BRDA:56,3,0,4
BRDA:56,3,1,3
BRDA:90,4,0,1
BRDA:90,4,1,1
BRF:11
BRH:11
end_of_record
